build/app/outputs/mapping/release/mapping.txt
# compiler: R8
# compiler_version: 1.5.64
# min_api: 16
# pg_map_id: 8e8a3e2
...
io.flutter.embedding.android.FlutterActivity -> io.flutter.embedding.android.d:
    io.flutter.embedding.android.FlutterActivityAndFragmentDelegate delegate -> a
    androidx.lifecycle.LifecycleRegistry lifecycle -> b
    void configureFlutterEngine(io.flutter.embedding.engine.FlutterEngine) -> a
    void onFlutterSurfaceViewCreated(io.flutter.embedding.android.FlutterSurfaceView) -> a
    void onFlutterTextureViewCreated(io.flutter.embedding.android.FlutterTextureView) -> a
    void onFlutterUiDisplayed() -> a
    io.flutter.embedding.engine.FlutterEngine provideFlutterEngine(android.content.Context) -> a
    io.flutter.plugin.platform.PlatformPlugin providePlatformPlugin(android.app.Activity,io.flutter.embedding.engine.FlutterEngine) -> a
    void cleanUpFlutterEngine(io.flutter.embedding.engine.FlutterEngine) -> b
    void onFlutterUiNoLongerDisplayed() -> b
    androidx.lifecycle.Lifecycle getLifecycle() -> c
    android.app.Activity getActivity() -> d
    java.lang.String getInitialRoute() -> e
    io.flutter.embedding.android.TransparencyMode getTransparencyMode() -> f
    io.flutter.embedding.engine.FlutterShellArgs getFlutterShellArgs() -> g
    java.lang.String getCachedEngineId() -> h
    java.lang.String getAppBundlePath() -> j
    boolean shouldRestoreAndSaveState() -> k
    java.lang.String getDartEntrypointFunctionName() -> l
    boolean shouldAttachEngineToActivity() -> m
    io.flutter.embedding.android.RenderMode getRenderMode() -> n
io.flutter.embedding.android.FlutterActivityAndFragmentDelegate -> io.flutter.embedding.android.e:
    io.flutter.embedding.android.FlutterSplashView flutterSplashView -> c
    io.flutter.plugin.platform.PlatformPlugin platformPlugin -> e
    io.flutter.embedding.android.FlutterView flutterView -> d
    io.flutter.embedding.engine.renderer.FlutterUiDisplayListener flutterUiDisplayListener -> g
    io.flutter.embedding.engine.FlutterEngine flutterEngine -> b
    boolean isFlutterEngineFromHost -> f
    io.flutter.embedding.android.FlutterActivityAndFragmentDelegate$Host host -> a
    io.flutter.embedding.android.FlutterActivityAndFragmentDelegate$Host access$000(io.flutter.embedding.android.FlutterActivityAndFragmentDelegate) -> a
    boolean isFlutterEngineFromHost() -> a
    void onActivityCreated(android.os.Bundle) -> a
    void onActivityResult(int,int,android.content.Intent) -> a
    void onAttach(android.content.Context) -> a
    android.view.View onCreateView(android.view.LayoutInflater,android.view.ViewGroup,android.os.Bundle) -> a
    void onNewIntent(android.content.Intent) -> a
    void onRequestPermissionsResult(int,java.lang.String[],int[]) -> a
    void onTrimMemory(int) -> a
    void onBackPressed() -> b
    void onSaveInstanceState(android.os.Bundle) -> b
    void onDestroyView() -> c
    void onDetach() -> d
    void onPause() -> e
    void onPostResume() -> f
    void onResume() -> g
    void onStart() -> h
    void onStop() -> i
io.flutter.embedding.android.FlutterActivityAndFragmentDelegate$1 -> io.flutter.embedding.android.e$a:
    io.flutter.embedding.android.FlutterActivityAndFragmentDelegate this$0 -> a
    void onFlutterUiDisplayed() -> a
    void onFlutterUiNoLongerDisplayed() -> b